#
# There is insufficient memory for the Java Runtime Environment to continue.
# Native memory allocation (mmap) failed to map 134217728 bytes for G1 virtual space
# Possible reasons:
#   The system is out of physical RAM or swap space
#   The process is running with CompressedOops enabled, and the Java Heap may be blocking the growth of the native heap
# Possible solutions:
#   Reduce memory load on the system
#   Increase physical memory or swap space
#   Check if swap backing store is full
#   Decrease Java heap size (-Xmx/-Xms)
#   Decrease number of Java threads
#   Decrease Java thread stack sizes (-Xss)
#   Set larger code cache with -XX:ReservedCodeCacheSize=
#   JVM is running with Unscaled Compressed Oops mode in which the Java heap is
#     placed in the first 4GB address space. The Java Heap base address is the
#     maximum limit for the native heap growth. Please use -XX:HeapBaseMinAddress
#     to set the Java Heap base and to place the Java Heap above 4GB virtual address.
# This output file may be truncated or incomplete.
#
#  Out of Memory Error (os_windows.cpp:3527), pid=16984, tid=7656
#
# JRE version:  (19.0.1+10) (build )
# Java VM: Java HotSpot(TM) 64-Bit Server VM (19.0.1+10-21, mixed mode, sharing, tiered, compressed oops, compressed class ptrs, g1 gc, windows-amd64)
# No core dump will be written. Minidumps are not enabled by default on client versions of Windows
#

---------------  S U M M A R Y ------------

Command Line: -Dfile.encoding=UTF-8 com.thoughtworks.gauge.GaugeRuntime --start

Host: Intel(R) Core(TM) i5-8265U CPU @ 1.60GHz, 8 cores, 7G,  Windows 10 , 64 bit Build 19041 (10.0.19041.2364)
Time: Mon Dec 26 15:59:53 2022 Türkiye Standart Saati elapsed time: 0.013683 seconds (0d 0h 0m 0s)

---------------  T H R E A D  ---------------

Current thread (0x000002682cbd5fb0):  JavaThread "Unknown thread" [_thread_in_vm, id=7656, stack(0x000000a804e00000,0x000000a804f00000)]

Stack: [0x000000a804e00000,0x000000a804f00000]
Native frames: (J=compiled Java code, j=interpreted, Vv=VM code, C=native code)
V  [jvm.dll+0x6ee8fa]
V  [jvm.dll+0x857a1e]
V  [jvm.dll+0x85940e]
V  [jvm.dll+0x859ac3]
V  [jvm.dll+0x28291f]
V  [jvm.dll+0x6eb6e9]
V  [jvm.dll+0x6e028a]
V  [jvm.dll+0x357136]
V  [jvm.dll+0x35eb96]
V  [jvm.dll+0x3b555e]
V  [jvm.dll+0x3b578f]
V  [jvm.dll+0x32c6ea]
V  [jvm.dll+0x32d59e]
V  [jvm.dll+0x821b20]
V  [jvm.dll+0x3c27c1]
V  [jvm.dll+0x8022f1]
V  [jvm.dll+0x44b30f]
V  [jvm.dll+0x44cc91]
C  [jli.dll+0x5287]
C  [ucrtbase.dll+0x21bb2]
C  [KERNEL32.DLL+0x17614]
C  [ntdll.dll+0x526a1]


---------------  P R O C E S S  ---------------

Threads class SMR info:
_java_thread_list=0x00007ffe82f6d048, length=0, elements={
}

Java Threads: ( => current thread )

Other Threads:
  0x000002682cc380a0 WorkerThread "GC Thread#0" [stack: 0x000000a804f00000,0x000000a805000000] [id=18316]
  0x000002682cc48c40 ConcurrentGCThread "G1 Main Marker" [stack: 0x000000a805000000,0x000000a805100000] [id=15448]
  0x000002682cc49810 WorkerThread "G1 Conc#0" [stack: 0x000000a805100000,0x000000a805200000] [id=9384]

[error occurred during error reporting (printing all threads), id 0xc0000005, EXCEPTION_ACCESS_VIOLATION (0xc0000005) at pc=0x00007ffe8272d127]

VM state: not at safepoint (not fully initialized)

VM Mutex/Monitor currently owned by a thread:  ([mutex/lock_event])
[0x000002682cbd1f80] Heap_lock - owner thread: 0x000002682cbd5fb0

Heap address: 0x0000000081e00000, size: 2018 MB, Compressed Oops mode: 32-bit

CDS archive(s) mapped at: [0x0000000000000000-0x0000000000000000-0x0000000000000000), size 0, SharedBaseAddress: 0x0000000800000000, ArchiveRelocationMode: 0.
Narrow klass base: 0x0000000000000000, Narrow klass shift: 0, Narrow klass range: 0x0

GC Precious Log:
 CardTable entry size: 512
 Card Set container configuration: InlinePtr #cards 5 size 8 Array Of Cards #cards 12 size 40 Howl #buckets 4 coarsen threshold 1843 Howl Bitmap #cards 512 size 80 coarsen threshold 460 Card regions per heap region 1 cards per card region 2048

Heap:
 garbage-first heap   total 0K, used 0K [0x0000000081e00000, 0x0000000100000000)
  region size 1024K, 0 young (0K), 0 survivors (0K)

[error occurred during error reporting (printing heap information), id 0xc0000005, EXCEPTION_ACCESS_VIOLATION (0xc0000005) at pc=0x00007ffe82b36959]

GC Heap History (0 events):
No events

Dll operation events (1 events):
Event: 0.008 Loaded shared library C:\Program Files\Java\jdk-19\bin\java.dll

Deoptimization events (0 events):
No events

Classes loaded (0 events):
No events

Classes unloaded (0 events):
No events

Classes redefined (0 events):
No events

Internal exceptions (0 events):
No events

VM Operations (0 events):
No events

Events (0 events):
No events


Dynamic libraries:
0x00007ff77dc50000 - 0x00007ff77dc60000 	C:\Program Files\Java\jdk-19\bin\java.exe
0x00007ffee8e50000 - 0x00007ffee9048000 	C:\Windows\SYSTEM32\ntdll.dll
0x00007ffee7150000 - 0x00007ffee720f000 	C:\Windows\System32\KERNEL32.DLL
0x00007ffee6bb0000 - 0x00007ffee6e82000 	C:\Windows\System32\KERNELBASE.dll
0x00007ffee6910000 - 0x00007ffee6a10000 	C:\Windows\System32\ucrtbase.dll
0x00007ffee08f0000 - 0x00007ffee090b000 	C:\Program Files\Java\jdk-19\bin\VCRUNTIME140.dll
0x00007ffee0670000 - 0x00007ffee0688000 	C:\Program Files\Java\jdk-19\bin\jli.dll
0x00007ffee6ff0000 - 0x00007ffee709e000 	C:\Windows\System32\ADVAPI32.dll
0x00007ffee7f30000 - 0x00007ffee7fce000 	C:\Windows\System32\msvcrt.dll
0x00007ffee87d0000 - 0x00007ffee886c000 	C:\Windows\System32\sechost.dll
0x00007ffee80a0000 - 0x00007ffee81c5000 	C:\Windows\System32\RPCRT4.dll
0x00007ffee7b00000 - 0x00007ffee7ca1000 	C:\Windows\System32\USER32.dll
0x00007ffee6730000 - 0x00007ffee6752000 	C:\Windows\System32\win32u.dll
0x00007ffed3a90000 - 0x00007ffed3d2a000 	C:\Windows\WinSxS\amd64_microsoft.windows.common-controls_6595b64144ccf1df_6.0.19041.1110_none_60b5254171f9507e\COMCTL32.dll
0x00007ffee7cb0000 - 0x00007ffee7cdb000 	C:\Windows\System32\GDI32.dll
0x00007ffee6760000 - 0x00007ffee686f000 	C:\Windows\System32\gdi32full.dll
0x00007ffee6a10000 - 0x00007ffee6aad000 	C:\Windows\System32\msvcp_win.dll
0x00007ffedf040000 - 0x00007ffedf04a000 	C:\Windows\SYSTEM32\VERSION.dll
0x00007ffee8790000 - 0x00007ffee87c2000 	C:\Windows\System32\IMM32.DLL
0x00007ffee3970000 - 0x00007ffee397c000 	C:\Program Files\Java\jdk-19\bin\vcruntime140_1.dll
0x00007ffead630000 - 0x00007ffead6be000 	C:\Program Files\Java\jdk-19\bin\msvcp140.dll
0x00007ffe823f0000 - 0x00007ffe830b0000 	C:\Program Files\Java\jdk-19\bin\server\jvm.dll
0x00007ffec6e90000 - 0x00007ffec6e99000 	C:\Windows\SYSTEM32\WSOCK32.dll
0x00007ffed2f20000 - 0x00007ffed2f47000 	C:\Windows\SYSTEM32\WINMM.dll
0x00007ffee8030000 - 0x00007ffee809b000 	C:\Windows\System32\ws2_32.DLL
0x00007ffee4d90000 - 0x00007ffee4da2000 	C:\Windows\SYSTEM32\kernel.appcore.dll
0x00007ffedb460000 - 0x00007ffedb46a000 	C:\Program Files\Java\jdk-19\bin\jimage.dll
0x00007ffee4310000 - 0x00007ffee44f4000 	C:\Windows\SYSTEM32\DBGHELP.DLL
0x00007ffecdfd0000 - 0x00007ffece005000 	C:\Windows\SYSTEM32\dbgcore.DLL
0x00007ffee66a0000 - 0x00007ffee6722000 	C:\Windows\System32\bcryptPrimitives.dll
0x00007ffed4040000 - 0x00007ffed4066000 	C:\Program Files\Java\jdk-19\bin\java.dll

dbghelp: loaded successfully - version: 4.0.5 - missing functions: none
symbol engine: initialized successfully - sym options: 0x614 - pdb path: .;C:\Program Files\Java\jdk-19\bin;C:\Windows\SYSTEM32;C:\Windows\WinSxS\amd64_microsoft.windows.common-controls_6595b64144ccf1df_6.0.19041.1110_none_60b5254171f9507e;C:\Program Files\Java\jdk-19\bin\server

VM Arguments:
jvm_args: -Dfile.encoding=UTF-8 
java_command: com.thoughtworks.gauge.GaugeRuntime --start
java_class_path (initial): C:\Program Files\Java\jdk-19!\java.base;C:\Program Files\Java\jdk-19!\java.compiler;C:\Program Files\Java\jdk-19!\java.datatransfer;C:\Program Files\Java\jdk-19!\java.desktop;C:\Program Files\Java\jdk-19!\java.instrument;C:\Program Files\Java\jdk-19!\java.logging;C:\Program Files\Java\jdk-19!\java.management;C:\Program Files\Java\jdk-19!\java.management.rmi;C:\Program Files\Java\jdk-19!\java.naming;C:\Program Files\Java\jdk-19!\java.net.http;C:\Program Files\Java\jdk-19!\java.prefs;C:\Program Files\Java\jdk-19!\java.rmi;C:\Program Files\Java\jdk-19!\java.scripting;C:\Program Files\Java\jdk-19!\java.se;C:\Program Files\Java\jdk-19!\java.security.jgss;C:\Program Files\Java\jdk-19!\java.security.sasl;C:\Program Files\Java\jdk-19!\java.smartcardio;C:\Program Files\Java\jdk-19!\java.sql;C:\Program Files\Java\jdk-19!\java.sql.rowset;C:\Program Files\Java\jdk-19!\java.transaction.xa;C:\Program Files\Java\jdk-19!\java.xml;C:\Program Files\Java\jdk-19!\java.xml.crypto;C:\Program Files\Java\jdk-19!\jdk.accessibility;C:\Program Files\Java\jdk-19!\jdk.attach;C:\Program Files\Java\jdk-19!\jdk.charsets;C:\Program Files\Java\jdk-19!\jdk.compiler;C:\Program Files\Java\jdk-19!\jdk.crypto.cryptoki;C:\Program Files\Java\jdk-19!\jdk.crypto.ec;C:\Program Files\Java\jdk-19!\jdk.crypto.mscapi;C:\Program Files\Java\jdk-19!\jdk.dynalink;C:\Program Files\Java\jdk-19!\jdk.editpad;C:\Program Files\Java\jdk-19!\jdk.hotspot.agent;C:\Program Files\Java\jdk-19!\jdk.httpserver;C:\Program Files\Java\jdk-19!\jdk.incubator.concurrent;C:\Program Files\Java\jdk-19!\jdk.incubator.vector;C:\Program Files\Java\jdk-19!\jdk.internal.ed;C:\Program Files\Java\jdk-19!\jdk.internal.jvmstat;C:\Program Files\Java\jdk-19!\jdk.internal.le;C:\Program Files\Java\jdk-19!\jdk.internal.opt;C:\Program Files\Java\jdk-19!\jdk.internal.vm.ci;C:\Program Files\Java\jdk-19!\jdk.internal.vm.compiler;C:\Program Files\Java\jdk-19!\jdk.internal.vm.compiler.management;C:\Program Files\Java\jdk-19!\jdk.jartool;C:\Program Files\Java\jdk-19!\jdk.javadoc;C:\Program Files\Java\jdk-19!\jdk.jcmd;C:\Program Files\Java\jdk-19!\jdk.jconsole;C:\Program Files\Java\jdk-19!\jdk.jdeps;C:\Program Files\Java\jdk-19!\jdk.jdi;C:\Program Files\Java\jdk-19!\jdk.jdwp.agent;C:\Program Files\Java\jdk-19!\jdk.jfr;C:\Program Files\Java\jdk-19!\jdk.jlink;C:\Program Files\Java\jdk-19!\jdk.jpackage;C:\Program Files\Java\jdk-19!\jdk.jshell;C:\Program Files\Java\jdk-19!\jdk.jsobject;C:\Program Files\Java\jdk-19!\jdk.jstatd;C:\Program Files\Java\jdk-19!\jdk.localedata;C:\Program Files\Java\jdk-19!\jdk.management;C:\Program Files\Java\jdk-19!\jdk.management.agent;C:\Program Files\Java\jdk-19!\jdk.management.jfr;C:\Program Files\Java\jdk-19!\jdk.naming.dns;C:\Program Files\Java\jdk-19!\jdk.naming.rmi;C:\Program Files\Java\jdk-19!\jdk.net;C:\Program Files\Java\jdk-19!\jdk.nio.mapmode;C:\Program Files\Java\jdk-19!\jdk.random;C:\Program Files\Java\jdk-19!\jdk.sctp;C:\Program Files\Java\jdk-19!\jdk.security.auth;C:\Program Files\Java\jdk-19!\jdk.security.jgss;C:\Program Files\Java\jdk-19!\jdk.unsupported;C:\Program Files\Java\jdk-19!\jdk.unsupported.desktop;C:\Program Files\Java\jdk-19!\jdk.xml.dom;C:\Program Files\Java\jdk-19!\jdk.zipfs;C:\Users\testinium\IdeaProjects\AppiumMesut\target\test-classes;C:\Users\testinium\.m2\repository\junit\junit\4.12\junit-4.12.jar;C:\Users\testinium\.m2\repository\org\hamcrest\hamcrest-core\1.3\hamcrest-core-1.3.jar;C:\Users\testinium\.m2\repository\com\thoughtworks\gauge\gauge-java\0.9.1\gauge-java-0.9.1.jar;C:\Users\testinium\.m2\repository\org\assertj\assertj-core\3.22.0\assertj-core-3.22.0.jar;C:\Users\testinium\.m2\repository\org\reflections\reflections\0.10.2\reflections-0.10.2.jar;C:\Users\testinium\.m2\repository\org\javassist\javassist\3.28.0-GA\javassist-3.28.0-GA.jar;C:\Users\testinium\.m2\repository\com\google\code\findbugs\jsr305\3.0.2\jsr305-3.0.2.jar;C:\Users\testinium\.m2\repository\com\github\javaparser\javaparser-core\3.16.3\javaparser-core-3.16.3.jar;C:\Users\testinium\.m2\repository\commons-io\commons-io\2.11.0\commons-io-2.11.0.jar;C:\Users\testinium\.m2\repository\commons-lang\commons-lang\2.6\commons-lang-2.6.jar;C:\Users\testinium\.m2\repository\org\json\json\20220320\json-20220320.jar;C:\Users\testinium\.m2\repository\com\google\protobuf\protobuf-java\3.19.4\protobuf-java-3.19.4.jar;C:\Users\testinium\.m2\repository\com\google\guava\guava\31.0.1-jre\guava-31.0.1-jre.jar;C:\Users\testinium\.m2\repository\com\google\guava\failureaccess\1.0.1\failureaccess-1.0.1.jar;C:\Users\testinium\.m2\repository\com\google\guava\listenablefuture\9999.0-empty-to-avoid-conflict-with-guava\listenablefuture-9999.0-empty-to-avoid-conflict-with-guava.jar;C:\Users\testinium\.m2\repository\org\checkerframework\checker-qual\3.12.0\checker-qual-3.12.0.jar;C:\Users\testinium\.m2\repository\com\google\errorprone\error_prone_annotations\2.7.1\error_prone_annotations-2.7.1.jar;C:\Users\testinium\.m2\repository\com\google\j2objc\j2objc-annotations\1.3\j2objc-annotations-1.3.jar;C:\Users\testinium\.m2\repository\io\grpc\grpc-netty-shaded\1.41.2\grpc-netty-shaded-1.41.2.jar;C:\Users\testinium\.m2\repository\io\perfmark\perfmark-api\0.23.0\perfmark-api-0.23.0.jar;C:\Users\testinium\.m2\repository\io\grpc\grpc-core\1.41.2\grpc-core-1.41.2.jar;C:\Users\testinium\.m2\repository\com\google\android\annotations\4.1.1.4\annotations-4.1.1.4.jar;C:\Users\testinium\.m2\repository\org\codehaus\mojo\animal-sniffer-annotations\1.19\animal-sniffer-annotations-1.19.jar;C:\Users\testinium\.m2\repository\io\grpc\grpc-protobuf\1.41.2\grpc-protobuf-1.41.2.jar;C:\Users\testinium\.m2\repository\io\grpc\grpc-api\1.41.2\grpc-api-1.41.2.jar;C:\Users\testinium\.m2\repository\io\grpc\grpc-context\1.41.2\grpc-context-1.41.2.jar;C:\Users\testinium\.m2\repository\com\google\api\grpc\proto-google-common-protos\2.0.1\proto-google-common-protos-2.0.1.jar;C:\Users\testinium\.m2\repository\io\grpc\grpc-protobuf-lite\1.41.2\grpc-protobuf-lite-1.41.2.jar;C:\Users\testinium\.m2\repository\io\grpc\grpc-stub\1.41.2\grpc-stub-1.41.2.jar;C:\Users\testinium\.m2\repository\javax\annotation\javax.annotation-api\1.3.2\javax.annotation-api-1.3.2.jar;C:\Users\testinium\.m2\repository\io\appium\java-client\7.3.0\java-client-7.3.0.jar;C:\Users\testinium\.m2\repository\org\seleniumhq\selenium\selenium-java\3.141.59\selenium-java-3.141.59.jar;C:\Users\testinium\.m2\repository\org\seleniumhq\selenium\selenium-chrome-driver\3.141.59\selenium-chrome-driver-3.141.59.jar;C:\Users\testinium\.m2\repository\org\seleniumhq\selenium\selenium-edge-driver\3.141.59\selenium-edge-driver-3.141.59.jar;C:\Users\testinium\.m2\repository\org\seleniumhq\selenium\selenium-firefox-driver\3.141.59\selenium-firefox-driver-3.141.59.jar;C:\Users\testinium\.m2\repository\org\seleniumhq\selenium\selenium-ie-driver\3.141.59\selenium-ie-driver-3.141.59.jar;C:\Users\testinium\.m2\repository\org\seleniumhq\selenium\selenium-opera-driver\3.141.59\selenium-opera-driver-3.141.59.jar;C:\Users\testinium\.m2\repository\org\seleniumhq\selenium\selenium-remote-driver\3.141.59\selenium-remote-driver-3.141.59.jar;C:\Users\testinium\.m2\repository\org\seleniumhq\selenium\selenium-safari-driver\3.141.59\selenium-safari-driver-3.141.59.jar;C:\Users\testinium\.m2\repository\net\bytebuddy\byte-buddy\1.8.15\byte-buddy-1.8.15.jar;C:\Users\testinium\.m2\repository\org\apache\commons\commons-exec\1.3\commons-exec-1.3.jar;C:\Users\testinium\.m2\repository\com\squareup\okhttp3\okhttp\3.11.0\okhttp-3.11.0.jar;C:\Users\testinium\.m2\repository\com\squareup\okio\okio\1.14.0\okio-1.14.0.jar;C:\Users\testinium\.m2\repository\org\seleniumhq\selenium\selenium-support\3.141.59\selenium-support-3.141.59.jar;C:\Users\testinium\.m2\repository\org\seleniumhq\selenium\selenium-api\3.141.59\selenium-api-3.141.59.jar;C:\Users\testinium\.m2\repository\com\google\code\gson\gson\2.8.5\gson-2.8.5.jar;C:\Users\testinium\.m2\repository\org\apache\httpcomponents\httpclient\4.5.9\httpclient-4.5.9.jar;C:\Users\testinium\.m2\repository\org\apache\httpcomponents\httpcore\4.4.11\httpcore-4.4.11.jar;C:\Users\testinium\.m2\repository\commons-logging\commons-logging\1.2\commons-logging-1.2.jar;C:\Users\testinium\.m2\repository\commons-codec\commons-codec\1.11\commons-codec-1.11.jar;C:\Users\testinium\.m2\repository\cglib\cglib\3.2.12\cglib-3.2.12.jar;C:\Users\testinium\.m2\repository\org\ow2\asm\asm\7.1\asm-7.1.jar;C:\Users\testinium\.m2\repository\commons-validator\commons-validator\1.6\commons-validator-1.6.jar;C:\Users\testinium\.m2\repository\commons-beanutils\commons-beanutils\1.9.2\commons-beanutils-1.9.2.jar;C:\Users\testinium\.m2\repository\commons-digester\commons-digester\1.8.1\commons-digester-1.8.1.jar;C:\Users\testinium\.m2\repository\commons-collections\commons-collections\3.2.2\commons-collections-3.2.2.jar;C:\Users\testinium\.m2\repository\org\apache\commons\commons-lang3\3.9\commons-lang3-3.9.jar;C:\Users\testinium\.m2\repository\org\springframework\spring-context\5.1.8.RELEASE\spring-context-5.1.8.RELEASE.jar;C:\Users\testinium\.m2\repository\org\springframework\spring-aop\5.1.8.RELEASE\spring-aop-5.1.8.RELEASE.jar;C:\Users\testinium\.m2\repository\org\springframework\spring-beans\5.1.8.RELEASE\spring-beans-5.1.8.RELEASE.jar;C:\Users\testinium\.m2\repository\org\springframework\spring-core\5.1.8.RELEASE\spring-core-5.1.8.RELEASE.jar;C:\Users\testinium\.m2\repository\org\springframework\spring-jcl\5.1.8.RELEASE\spring-jcl-5.1.8.RELEASE.jar;C:\Users\testinium\.m2\repository\org\springframework\spring-expression\5.1.8.RELEASE\spring-expression-5.1.8.RELEASE.jar;C:\Users\testinium\.m2\repository\org\aspectj\aspectjweaver\1.9.4\aspectjweaver-1.9.4.jar;C:\Users\testinium\.m2\repository\org\slf4j\slf4j-api\1.7.30\slf4j-api-1.7.30.jar;C:\Users\testinium\.m2\repository\org\slf4j\slf4j-log4j12\1.7.30\slf4j-log4j12-1.7.30.jar;C:\Users\testinium\.m2\repository\log4j\log4j\1.2.17\log4j-1.2.17.jar
Launcher Type: SUN_STANDARD

[Global flags]
     intx CICompilerCount                          = 4                                         {product} {ergonomic}
     uint ConcGCThreads                            = 2                                         {product} {ergonomic}
     uint G1ConcRefinementThreads                  = 8                                         {product} {ergonomic}
   size_t G1HeapRegionSize                         = 1048576                                   {product} {ergonomic}
    uintx GCDrainStackTargetSize                   = 64                                        {product} {ergonomic}
   size_t InitialHeapSize                          = 134217728                                 {product} {ergonomic}
   size_t MarkStackSize                            = 4194304                                   {product} {ergonomic}
   size_t MaxHeapSize                              = 2116026368                                {product} {ergonomic}
   size_t MinHeapDeltaBytes                        = 1048576                                   {product} {ergonomic}
   size_t MinHeapSize                              = 8388608                                   {product} {ergonomic}
    uintx NonNMethodCodeHeapSize                   = 5839372                                {pd product} {ergonomic}
    uintx NonProfiledCodeHeapSize                  = 122909434                              {pd product} {ergonomic}
    uintx ProfiledCodeHeapSize                     = 122909434                              {pd product} {ergonomic}
    uintx ReservedCodeCacheSize                    = 251658240                              {pd product} {ergonomic}
     bool SegmentedCodeCache                       = true                                      {product} {ergonomic}
   size_t SoftMaxHeapSize                          = 2116026368                             {manageable} {ergonomic}
     bool UseCompressedClassPointers               = true                           {product lp64_product} {ergonomic}
     bool UseCompressedOops                        = true                           {product lp64_product} {ergonomic}
     bool UseG1GC                                  = true                                      {product} {ergonomic}
     bool UseLargePagesIndividualAllocation        = false                                  {pd product} {ergonomic}

Logging:
Log output configuration:
 #0: stdout all=warning uptime,level,tags foldmultilines=false
 #1: stderr all=off uptime,level,tags foldmultilines=false

Environment Variables:
JAVA_HOME=C:\Program Files\Java\jdk-19
CLASSPATH=C:\Program Files\Java\jdk-19!\java.base;C:\Program Files\Java\jdk-19!\java.compiler;C:\Program Files\Java\jdk-19!\java.datatransfer;C:\Program Files\Java\jdk-19!\java.desktop;C:\Program Files\Java\jdk-19!\java.instrument;C:\Program Files\Java\jdk-19!\java.logging;C:\Program Files\Java\jdk-19!\java.management;C:\Program Files\Java\jdk-19!\java.management.rmi;C:\Program Files\Java\jdk-19!\java.naming;C:\Program Files\Java\jdk-19!\java.net.http;C:\Program Files\Java\jdk-19!\java.prefs;C:\Program Files\Java\jdk-19!\java.rmi;C:\Program Files\Java\jdk-19!\java.scripting;C:\Program Files\Java\jdk-19!\java.se;C:\Program Files\Java\jdk-19!\java.security.jgss;C:\Program Files\Java\jdk-19!\java.security.sasl;C:\Program Files\Java\jdk-19!\java.smartcardio;C:\Program Files\Java\jdk-19!\java.sql;C:\Program Files\Java\jdk-19!\java.sql.rowset;C:\Program Files\Java\jdk-19!\java.transaction.xa;C:\Program Files\Java\jdk-19!\java.xml;C:\Program Files\Java\jdk-19!\java.xml.crypto;C:\Program Files\Java\jdk-19!\jdk.accessibility;C:\Program Files\Java\jdk-19!\jdk.attach;C:\Program Files\Java\jdk-19!\jdk.charsets;C:\Program Files\Java\jdk-19!\jdk.compiler;C:\Program Files\Java\jdk-19!\jdk.crypto.cryptoki;C:\Program Files\Java\jdk-19!\jdk.crypto.ec;C:\Program Files\Java\jdk-19!\jdk.crypto.mscapi;C:\Program Files\Java\jdk-19!\jdk.dynalink;C:\Program Files\Java\jdk-19!\jdk.editpad;C:\Program Files\Java\jdk-19!\jdk.hotspot.agent;C:\Program Files\Java\jdk-19!\jdk.httpserver;C:\Program Files\Java\jdk-19!\jdk.incubator.concurrent;C:\Program Files\Java\jdk-19!\jdk.incubator.vector;C:\Program Files\Java\jdk-19!\jdk.internal.ed;C:\Program Files\Java\jdk-19!\jdk.internal.jvmstat;C:\Program Files\Java\jdk-19!\jdk.internal.le;C:\Program Files\Java\jdk-19!\jdk.internal.opt;C:\Program Files\Java\jdk-19!\jdk.internal.vm.ci;C:\Program Files\Java\jdk-19!\jdk.internal.vm.compiler;C:\Program Files\Java\jdk-19!\jdk.internal.vm.compiler.management;C:\Program Files\Java\jdk-19!\jdk.jartool;C:\Program Files\Java\jdk-19!\jdk.javadoc;C:\Program Files\Java\jdk-19!\jdk.jcmd;C:\Program Files\Java\jdk-19!\jdk.jconsole;C:\Program Files\Java\jdk-19!\jdk.jdeps;C:\Program Files\Java\jdk-19!\jdk.jdi;C:\Program Files\Java\jdk-19!\jdk.jdwp.agent;C:\Program Files\Java\jdk-19!\jdk.jfr;C:\Program Files\Java\jdk-19!\jdk.jlink;C:\Program Files\Java\jdk-19!\jdk.jpackage;C:\Program Files\Java\jdk-19!\jdk.jshell;C:\Program Files\Java\jdk-19!\jdk.jsobject;C:\Program Files\Java\jdk-19!\jdk.jstatd;C:\Program Files\Java\jdk-19!\jdk.localedata;C:\Program Files\Java\jdk-19!\jdk.management;C:\Program Files\Java\jdk-19!\jdk.management.agent;C:\Program Files\Java\jdk-19!\jdk.management.jfr;C:\Program Files\Java\jdk-19!\jdk.naming.dns;C:\Program Files\Java\jdk-19!\jdk.naming.rmi;C:\Program Files\Java\jdk-19!\jdk.net;C:\Program Files\Java\jdk-19!\jdk.nio.mapmode;C:\Program Files\Java\jdk-19!\jdk.random;C:\Program Files\Java\jdk-19!\jdk.sctp;C:\Program Files\Java\jdk-19!\jdk.security.auth;C:\Program Files\Java\jdk-19!\jdk.security.jgss;C:\Program Files\Java\jdk-19!\jdk.unsupported;C:\Program Files\Java\jdk-19!\jdk.unsupported.desktop;C:\Program Files\Java\jdk-19!\jdk.xml.dom;C:\Program Files\Java\jdk-19!\jdk.zipfs;C:\Users\testinium\IdeaProjects\AppiumMesut\target\test-classes;C:\Users\testinium\.m2\repository\junit\junit\4.12\junit-4.12.jar;C:\Users\testinium\.m2\repository\org\hamcrest\hamcrest-core\1.3\hamcrest-core-1.3.jar;C:\Users\testinium\.m2\repository\com\thoughtworks\gauge\gauge-java\0.9.1\gauge-java-0.9.1.jar;C:\Users\testinium\.m2\repository\org\assertj\assertj-core\3.22.0\assertj-core-3.22.0.jar;C:\Users\testinium\.m2\repository\org\reflections\reflections\0.10.2\reflections-0.10.2.jar;C:\Users\testinium\.m2\repository\org\javassist\javassist\3.28.0-GA\javassist-3.28.0-GA.jar;C:\Users\testinium\.m2\repository\com\google\code\findbugs\jsr305\3.0.2\jsr305-3.0.2.jar;C:\Users\testinium\.m2\repository\com\github\javaparser\javaparser-core\3.16.3\javaparser-core-3.16.3.jar;C:\Users\testinium\.m2\repository\commons-io\commons-io\2.11.0\commons-io-2.11.0.jar;C:\Users\testinium\.m2\repository\commons-lang\commons-lang\2.6\commons-lang-2.6.jar;C:\Users\testinium\.m2\repository\org\json\json\20220320\json-20220320.jar;C:\Users\testinium\.m2\repository\com\google\protobuf\protobuf-java\3.19.4\protobuf-java-3.19.4.jar;C:\Users\testinium\.m2\repository\com\google\guava\guava\31.0.1-jre\guava-31.0.1-jre.jar;C:\Users\testinium\.m2\repository\com\google\guava\failureaccess\1.0.1\failureaccess-1.0.1.jar;C:\Users\testinium\.m2\repository\com\google\guava\listenablefuture\9999.0-empty-to-avoid-conflict-with-guava\listenablefuture-9999.0-empty-to-avoid-conflict-with-guava.jar;C:\Users\testinium\.m2\repository\org\checkerframework\checker-qual\3.12.0\checker-qual-3.12.0.jar;C:\Users\testinium\.m2\repository\com\google\errorprone\error_prone_annotations\2.7.1\error_prone_annotations-2.7.1.jar;C:\Users\testinium\.m2\repository\com\google\j2objc\j2objc-annotations\1.3\j2objc-annotations-1.3.jar;C:\Users\testinium\.m2\repository\io\grpc\grpc-netty-shaded\1.41.2\grpc-netty-shaded-1.41.2.jar;C:\Users\testinium\.m2\repository\io\perfmark\perfmark-api\0.23.0\perfmark-api-0.23.0.jar;C:\Users\testinium\.m2\repository\io\grpc\grpc-core\1.41.2\grpc-core-1.41.2.jar;C:\Users\testinium\.m2\repository\com\google\android\annotations\4.1.1.4\annotations-4.1.1.4.jar;C:\Users\testinium\.m2\repository\org\codehaus\mojo\animal-sniffer-annotations\1.19\animal-sniffer-annotations-1.19.jar;C:\Users\testinium\.m2\repository\io\grpc\grpc-protobuf\1.41.2\grpc-protobuf-1.41.2.jar;C:\Users\testinium\.m2\repository\io\grpc\grpc-api\1.41.2\grpc-api-1.41.2.jar;C:\Users\testinium\.m2\repository\io\grpc\grpc-context\1.41.2\grpc-context-1.41.2.jar;C:\Users\testinium\.m2\repository\com\google\api\grpc\proto-google-common-protos\2.0.1\proto-google-common-protos-2.0.1.jar;C:\Users\testinium\.m2\repository\io\grpc\grpc-protobuf-lite\1.41.2\grpc-protobuf-lite-1.41.2.jar;C:\Users\testinium\.m2\repository\io\grpc\grpc-stub\1.41.2\grpc-stub-1.41.2.jar;C:\Users\testinium\.m2\repository\javax\annotation\javax.annotation-api\1.3.2\javax.annotation-api-1.3.2.jar;C:\Users\testinium\.m2\repository\io\appium\java-client\7.3.0\java-client-7.3.0.jar;C:\Users\testinium\.m2\repository\org\seleniumhq\selenium\selenium-java\3.141.59\selenium-java-3.141.59.jar;C:\Users\testinium\.m2\repository\org\seleniumhq\selenium\selenium-chrome-driver\3.141.59\selenium-chrome-driver-3.141.59.jar;C:\Users\testinium\.m2\repository\org\seleniumhq\selenium\selenium-edge-driver\3.141.59\selenium-edge-driver-3.141.59.jar;C:\Users\testinium\.m2\repository\org\seleniumhq\selenium\selenium-firefox-driver\3.141.59\selenium-firefox-driver-3.141.59.jar;C:\Users\testinium\.m2\repository\org\seleniumhq\selenium\selenium-ie-driver\3.141.59\selenium-ie-driver-3.141.59.jar;C:\Users\testinium\.m2\repository\org\seleniumhq\selenium\selenium-opera-driver\3.141.59\selenium-opera-driver-3.141.59.jar;C:\Users\testinium\.m2\repository\org\seleniumhq\selenium\selenium-remote-driver\3.141.59\selenium-remote-driver-3.141.59.jar;C:\Users\testinium\.m2\repository\org\seleniumhq\selenium\selenium-safari-driver\3.141.59\selenium-safari-driver-3.141.59.jar;C:\Users\testinium\.m2\repository\net\bytebuddy\byte-buddy\1.8.15\byte-buddy-1.8.15.jar;C:\Users\testinium\.m2\repository\org\apache\commons\commons-exec\1.3\commons-exec-1.3.jar;C:\Users\testinium\.m2\repository\com\squareup\okhttp3\okhttp\3.11.0\okhttp-3.11.0.jar;C:\Users\testinium\.m2\repository\com\squareup\okio\okio\1.14.0\okio-1.14.0.jar;C:\Users\testinium\.m2\repository\org\seleniumhq\selenium\selenium-support\3.141.59\selenium-support-3.141.59.jar;C:\Users\testinium\.m2\repository\org\seleniumhq\selenium\selenium-api\3.141.59\selenium-api-3.141.59.jar;C:\Users\testinium\.m2\repository\com\google\code\gson\gson\2.8.5\gson-2.8.5.jar;C:\Users\testinium\.m2\repository\org\apache\httpcomponents\httpclient\4.5.9\httpclient-4.5.9.jar;C:\Users\testinium\.m2\repository\org\apache\httpcomponents\httpcore\4.4.11\httpcore-4.4.11.jar;C:\Users\testinium\.m2\repository\commons-logging\commons-logging\1.2\commons-logging-1.2.jar;C:\Users\testinium\.m2\repository\commons-codec\commons-codec\1.11\commons-codec-1.11.jar;C:\Users\testinium\.m2\repository\cglib\cglib\3.2.12\cglib-3.2.12.jar;C:\Users\testinium\.m2\repository\org\ow2\asm\asm\7.1\asm-7.1.jar;C:\Users\testinium\.m2\repository\commons-validator\commons-validator\1.6\commons-validator-1.6.jar;C:\Users\testinium\.m2\repository\commons-beanutils\commons-beanutils\1.9.2\commons-beanutils-1.9.2.jar;C:\Users\testinium\.m2\repository\commons-digester\commons-digester\1.8.1\commons-digester-1.8.1.jar;C:\Users\testinium\.m2\repository\commons-collections\commons-collections\3.2.2\commons-collections-3.2.2.jar;C:\Users\testinium\.m2\repository\org\apache\commons\commons-lang3\3.9\commons-lang3-3.9.jar;C:\Users\testinium\.m2\repository\org\springframework\spring-context\5.1.8.RELEASE\spring-context-5.1.8.RELEASE.jar;C:\Users\testinium\.m2\repository\org\springframework\spring-aop\5.1.8.RELEASE\spring-aop-5.1.8.RELEASE.jar;C:\Users\testinium\.m2\repository\org\springframework\spring-beans\5.1.8.RELEASE\spring-beans-5.1.8.RELEASE.jar;C:\Users\testinium\.m2\repository\org\springframework\spring-core\5.1.8.RELEASE\spring-core-5.1.8.RELEASE.jar;C:\Users\testinium\.m2\repository\org\springframework\spring-jcl\5.1.8.RELEASE\spring-jcl-5.1.8.RELEASE.jar;C:\Users\testinium\.m2\repository\org\springframework\spring-expression\5.1.8.RELEASE\spring-expression-5.1.8.RELEASE.jar;C:\Users\testinium\.m2\repository\org\aspectj\aspectjweaver\1.9.4\aspectjweaver-1.9.4.jar;C:\Users\testinium\.m2\repository\org\slf4j\slf4j-api\1.7.30\slf4j-api-1.7.30.jar;C:\Users\testinium\.m2\repository\org\slf4j\slf4j-log4j12\1.7.30\slf4j-log4j12-1.7.30.jar;C:\Users\testinium\.m2\repository\log4j\log4j\1.2.17\log4j-1.2.17.jar
PATH=C:\Program Files\Common Files\Oracle\Java\javapath;C:\Program Files (x86)\Common Files\Oracle\Java\javapath;C:\Windows\system32;C:\Windows;C:\Windows\System32\Wbem;C:\Windows\System32\WindowsPowerShell\v1.0\;C:\Windows\System32\OpenSSH\;C:\Program Files\Microsoft SQL Server\150\Tools\Binn\;C:\Program Files\dotnet\;C:\Program Files\nodejs\;C:\Program Files\maven\apache-maven-3.8.6\bin;C:\Program Files\Git\cmd;C:\Program Files\Gauge\bin;C:\Program Files (x86)\Micro Focus\Unified Functional Testing\bin;%ANDROID_HOME%\platform-tools;%ANDROID_HOME%\tools;%ANDROID_HOME%\build-tools;%JAVA_HOME%\bin;C:\Users\testinium\AppData\Local\Microsoft\WindowsApps;C:\Users\testinium\.dotnet\tools;C:\Users\testinium\AppData\Roaming\npm;C:\Users\testinium\AppData\Roaming\gauge\plugins\screenshot\0.1.0
USERNAME=testinium
OS=Windows_NT
PROCESSOR_IDENTIFIER=Intel64 Family 6 Model 142 Stepping 12, GenuineIntel
TMP=C:\Users\TESTIN~1\AppData\Local\Temp
TEMP=C:\Users\TESTIN~1\AppData\Local\Temp



---------------  S Y S T E M  ---------------

OS:
 Windows 10 , 64 bit Build 19041 (10.0.19041.2364)
OS uptime: 11 days 6:14 hours

CPU: total 8 (initial active 8) (4 cores per cpu, 2 threads per core) family 6 model 142 stepping 12 microcode 0xb8, cx8, cmov, fxsr, ht, mmx, 3dnowpref, sse, sse2, sse3, ssse3, sse4.1, sse4.2, popcnt, lzcnt, tsc, tscinvbit, avx, avx2, aes, erms, clmul, bmi1, bmi2, adx, fma, vzeroupper, clflush, clflushopt, rdtscp

Memory: 4k page, system-wide physical 8068M (403M free)
TotalPageFile size 32644M (AvailPageFile size 116M)
current process WorkingSet (physical memory assigned to process): 10M, peak: 10M
current process commit charge ("private bytes"): 60M, peak: 188M

vm_info: Java HotSpot(TM) 64-Bit Server VM (19.0.1+10-21) for windows-amd64 JRE (19.0.1+10-21), built on 2022-09-14T12:45:06Z by "mach5one" with MS VC++ 17.1 (VS2022)

END.
